2025/08/10 12:36:45PM::root_[  INFO  ] - This is the log console. Most events that take place will be shown here
2025/08/10 12:36:45PM::root_[ DEBUG  ] - Multiprocessing freeze_support enabled
2025/08/10 12:36:45PM::root_[ DEBUG  ] - Window instantiated
2025/08/10 12:37:08PM::src.logic.manage_image_tab_[  INFO  ] - Image Conversion
2025/08/10 12:37:08PM::src.logic.manage_image_tab_[ DEBUG  ] - Video Details:
2025/08/10 12:37:08PM::src.logic.manage_image_tab_[ DEBUG  ] - FilePath: /Users/mingzi/Downloads/2.jpg
2025/08/10 12:37:08PM::src.logic.manage_image_tab_[ DEBUG  ] - Output Path: ./mcIVASMAKER_output/output25_08_10-12_37_08.png
2025/08/10 12:37:08PM::src.logic.manage_image_tab_[ DEBUG  ] - Manupilations: Image To Any Block Image
2025/08/10 12:37:08PM::src.logic.manage_image_tab_[ DEBUG  ] - Crop: ['0', '0', 'Max', 'Max']
2025/08/10 12:37:08PM::src.logic.manage_image_tab_[ DEBUG  ] - Scale: 2x
2025/08/10 12:37:08PM::src.logic.manage_image_tab_[ DEBUG  ] - Details: {'blocklist': [], 'mode': 'None', 'dither': False, 'alternate': False, 'color_set': ['Linear Average'], 'color_compare': ['Absolute Difference'], 'side': 'top', 'brightness': 127.0, 'place_redstone_blocks': False}
2025/08/10 12:37:28PM::src.logic.manage_image_tab_[  INFO  ] - Done Image!
2025/08/10 12:39:17PM::src.logic.manage_image_tab_[  INFO  ] - Image Conversion
2025/08/10 12:39:17PM::src.logic.manage_image_tab_[ DEBUG  ] - Video Details:
2025/08/10 12:39:17PM::src.logic.manage_image_tab_[ DEBUG  ] - FilePath: /Users/mingzi/Downloads/2.jpg
2025/08/10 12:39:17PM::src.logic.manage_image_tab_[ DEBUG  ] - Output Path: ./mcIVASMAKER_output/output25_08_10-12_39_17.png
2025/08/10 12:39:17PM::src.logic.manage_image_tab_[ DEBUG  ] - Manupilations: Image To Any Block Image
2025/08/10 12:39:17PM::src.logic.manage_image_tab_[ DEBUG  ] - Crop: ['0', '0', 'Max', 'Max']
2025/08/10 12:39:17PM::src.logic.manage_image_tab_[ DEBUG  ] - Scale: 1x
2025/08/10 12:39:17PM::src.logic.manage_image_tab_[ DEBUG  ] - Details: {'blocklist': [], 'mode': 'None', 'dither': False, 'alternate': False, 'color_set': ['Linear Average'], 'color_compare': ['Absolute Difference'], 'side': 'top', 'brightness': 127.0, 'place_redstone_blocks': False}
2025/08/10 12:39:25PM::src.logic.manage_image_tab_[  INFO  ] - Done Image!
2025/08/10 12:42:46PM::src.logic.manage_image_tab_[  INFO  ] - Image Conversion
2025/08/10 12:42:46PM::src.logic.manage_image_tab_[ DEBUG  ] - Video Details:
2025/08/10 12:42:46PM::src.logic.manage_image_tab_[ DEBUG  ] - FilePath: /Users/mingzi/文件/仓库/查分器/milthm-calculator-web/jpgs/命日.jpg
2025/08/10 12:42:46PM::src.logic.manage_image_tab_[ DEBUG  ] - Output Path: ./mcIVASMAKER_output/output25_08_10-12_42_46.png
2025/08/10 12:42:46PM::src.logic.manage_image_tab_[ DEBUG  ] - Manupilations: Image To Any Block Image
2025/08/10 12:42:46PM::src.logic.manage_image_tab_[ DEBUG  ] - Crop: ['0', '0', 'Max', 'Max']
2025/08/10 12:42:46PM::src.logic.manage_image_tab_[ DEBUG  ] - Scale: 1x
2025/08/10 12:42:46PM::src.logic.manage_image_tab_[ DEBUG  ] - Details: {'blocklist': [], 'mode': 'None', 'dither': False, 'alternate': False, 'color_set': ['Linear Average'], 'color_compare': ['Absolute Difference'], 'side': 'top', 'brightness': 127.0, 'place_redstone_blocks': False}
2025/08/10 12:42:51PM::src.logic.manage_image_tab_[  INFO  ] - Done Image!
2025/08/10 12:44:09PM::src.logic.manage_image_tab_[  INFO  ] - Image Conversion
2025/08/10 12:44:09PM::src.logic.manage_image_tab_[ DEBUG  ] - Video Details:
2025/08/10 12:44:09PM::src.logic.manage_image_tab_[ DEBUG  ] - FilePath: /Users/mingzi/文件/仓库/查分器/milthm-calculator-web/jpgs/Regnaissance.jpg
2025/08/10 12:44:09PM::src.logic.manage_image_tab_[ DEBUG  ] - Output Path: ./mcIVASMAKER_output/output25_08_10-12_44_09.png
2025/08/10 12:44:09PM::src.logic.manage_image_tab_[ DEBUG  ] - Manupilations: Image To Any Block Image
2025/08/10 12:44:09PM::src.logic.manage_image_tab_[ DEBUG  ] - Crop: ['0', '0', 'Max', 'Max']
2025/08/10 12:44:09PM::src.logic.manage_image_tab_[ DEBUG  ] - Scale: 1x
2025/08/10 12:44:09PM::src.logic.manage_image_tab_[ DEBUG  ] - Details: {'blocklist': [], 'mode': 'None', 'dither': False, 'alternate': False, 'color_set': ['Linear Average'], 'color_compare': ['Absolute Difference'], 'side': 'top', 'brightness': 127.0, 'place_redstone_blocks': False}
2025/08/10 12:44:14PM::src.logic.manage_image_tab_[  INFO  ] - Done Image!
2025/08/10 12:45:59PM::src.logic.manage_image_tab_[  INFO  ] - Image Conversion
2025/08/10 12:45:59PM::src.logic.manage_image_tab_[ DEBUG  ] - Video Details:
2025/08/10 12:45:59PM::src.logic.manage_image_tab_[ DEBUG  ] - FilePath: /Users/mingzi/文件/仓库/查分器/milthm-calculator-web/jpgs/Regnaissance.jpg
2025/08/10 12:45:59PM::src.logic.manage_image_tab_[ DEBUG  ] - Output Path: ./mcIVASMAKER_output/output25_08_10-12_45_59.png
2025/08/10 12:45:59PM::src.logic.manage_image_tab_[ DEBUG  ] - Manupilations: Image To Any Block Image
2025/08/10 12:45:59PM::src.logic.manage_image_tab_[ DEBUG  ] - Crop: ['0', '0', 'Max', 'Max']
2025/08/10 12:45:59PM::src.logic.manage_image_tab_[ DEBUG  ] - Scale: 16x
2025/08/10 12:45:59PM::src.logic.manage_image_tab_[ DEBUG  ] - Details: {'blocklist': [], 'mode': 'None', 'dither': False, 'alternate': False, 'color_set': ['Linear Average'], 'color_compare': ['Absolute Difference'], 'side': 'top', 'brightness': 127.0, 'place_redstone_blocks': False}
2025/08/10 12:46:20PM::src.logic.manage_image_tab_[  INFO  ] - Done Image!
2025/08/10 12:47:36PM::src.logic.manage_image_tab_[  INFO  ] - Image Conversion
2025/08/10 12:47:36PM::src.logic.manage_image_tab_[ DEBUG  ] - Video Details:
2025/08/10 12:47:36PM::src.logic.manage_image_tab_[ DEBUG  ] - FilePath: /Users/mingzi/文件/仓库/查分器/milthm-calculator-web/jpgs/Regnaissance.jpg
2025/08/10 12:47:36PM::src.logic.manage_image_tab_[ DEBUG  ] - Output Path: ./mcIVASMAKER_output/output25_08_10-12_47_36.schem
2025/08/10 12:47:36PM::src.logic.manage_image_tab_[ DEBUG  ] - Manupilations: Image To Any Block Schematic
2025/08/10 12:47:36PM::src.logic.manage_image_tab_[ DEBUG  ] - Crop: ['0', '0', 'Max', 'Max']
2025/08/10 12:47:36PM::src.logic.manage_image_tab_[ DEBUG  ] - Scale: 1x
2025/08/10 12:47:36PM::src.logic.manage_image_tab_[ DEBUG  ] - Details: {'blocklist': [], 'mode': 'None', 'dither': False, 'alternate': False, 'color_set': ['Linear Average'], 'color_compare': ['Absolute Difference'], 'side': 'top', 'brightness': 127.0, 'place_redstone_blocks': False}
2025/08/10 12:47:41PM::src.logic.manage_image_tab_[  INFO  ] - Done Image!
2025/08/10 12:48:03PM::src.logic.manage_image_tab_[  INFO  ] - Image Conversion
2025/08/10 12:48:03PM::src.logic.manage_image_tab_[ DEBUG  ] - Video Details:
2025/08/10 12:48:03PM::src.logic.manage_image_tab_[ DEBUG  ] - FilePath: /Users/mingzi/文件/仓库/查分器/milthm-calculator-web/jpgs/Regnaissance.jpg
2025/08/10 12:48:03PM::src.logic.manage_image_tab_[ DEBUG  ] - Output Path: ./mcIVASMAKER_output/output25_08_10-12_48_03.png
2025/08/10 12:48:03PM::src.logic.manage_image_tab_[ DEBUG  ] - Manupilations: Image To Any Block Image
2025/08/10 12:48:03PM::src.logic.manage_image_tab_[ DEBUG  ] - Crop: ['0', '0', 'Max', 'Max']
2025/08/10 12:48:03PM::src.logic.manage_image_tab_[ DEBUG  ] - Scale: 1x
2025/08/10 12:48:03PM::src.logic.manage_image_tab_[ DEBUG  ] - Details: {'blocklist': [], 'mode': 'None', 'dither': False, 'alternate': False, 'color_set': ['Linear Average'], 'color_compare': ['Absolute Difference'], 'side': 'bottom', 'brightness': 127.0, 'place_redstone_blocks': False}
2025/08/10 12:48:08PM::src.logic.manage_image_tab_[  INFO  ] - Done Image!
2025/08/10 12:48:32PM::src.logic.manage_image_tab_[  INFO  ] - Image Conversion
2025/08/10 12:48:32PM::src.logic.manage_image_tab_[ DEBUG  ] - Video Details:
2025/08/10 12:48:32PM::src.logic.manage_image_tab_[ DEBUG  ] - FilePath: /Users/mingzi/文件/仓库/查分器/milthm-calculator-web/jpgs/Regnaissance.jpg
2025/08/10 12:48:32PM::src.logic.manage_image_tab_[ DEBUG  ] - Output Path: ./mcIVASMAKER_output/output25_08_10-12_48_32.png
2025/08/10 12:48:32PM::src.logic.manage_image_tab_[ DEBUG  ] - Manupilations: Image To Any Block Image
2025/08/10 12:48:32PM::src.logic.manage_image_tab_[ DEBUG  ] - Crop: ['0', '0', 'Max', 'Max']
2025/08/10 12:48:32PM::src.logic.manage_image_tab_[ DEBUG  ] - Scale: 1x
2025/08/10 12:48:32PM::src.logic.manage_image_tab_[ DEBUG  ] - Details: {'blocklist': [], 'mode': 'None', 'dither': False, 'alternate': False, 'color_set': ['Linear Average'], 'color_compare': ['Absolute Difference'], 'side': 'front', 'brightness': 127.0, 'place_redstone_blocks': False}
2025/08/10 12:48:37PM::src.logic.manage_image_tab_[  INFO  ] - Done Image!
2025/08/10 12:49:12PM::src.logic.manage_image_tab_[  INFO  ] - Image Conversion
2025/08/10 12:49:12PM::src.logic.manage_image_tab_[ DEBUG  ] - Video Details:
2025/08/10 12:49:12PM::src.logic.manage_image_tab_[ DEBUG  ] - FilePath: /Users/mingzi/文件/仓库/查分器/milthm-calculator-web/jpgs/Regnaissance.jpg
2025/08/10 12:49:12PM::src.logic.manage_image_tab_[ DEBUG  ] - Output Path: ./mcIVASMAKER_output/output25_08_10-12_49_12.png
2025/08/10 12:49:12PM::src.logic.manage_image_tab_[ DEBUG  ] - Manupilations: Image To Any Block Image
2025/08/10 12:49:12PM::src.logic.manage_image_tab_[ DEBUG  ] - Crop: ['0', '0', 'Max', 'Max']
2025/08/10 12:49:12PM::src.logic.manage_image_tab_[ DEBUG  ] - Scale: 1x
2025/08/10 12:49:12PM::src.logic.manage_image_tab_[ DEBUG  ] - Details: {'blocklist': [], 'mode': 'None', 'dither': False, 'alternate': False, 'color_set': ['Linear Average'], 'color_compare': ['Absolute Difference'], 'side': 'side', 'brightness': 127.0, 'place_redstone_blocks': False}
2025/08/10 12:49:17PM::src.logic.manage_image_tab_[  INFO  ] - Done Image!
2025/08/10 12:51:51PM::src.logic.manage_image_tab_[  INFO  ] - Image Conversion
2025/08/10 12:51:51PM::src.logic.manage_image_tab_[ DEBUG  ] - Video Details:
2025/08/10 12:51:51PM::src.logic.manage_image_tab_[ DEBUG  ] - FilePath: /Users/mingzi/文件/仓库/查分器/milthm-calculator-web/jpgs/Regnaissance.jpg
2025/08/10 12:51:51PM::src.logic.manage_image_tab_[ DEBUG  ] - Output Path: ./mcIVASMAKER_output/output25_08_10-12_51_51.png
2025/08/10 12:51:51PM::src.logic.manage_image_tab_[ DEBUG  ] - Manupilations: Image To Any Block Image
2025/08/10 12:51:51PM::src.logic.manage_image_tab_[ DEBUG  ] - Crop: ['0', '0', 'Max', 'Max']
2025/08/10 12:51:51PM::src.logic.manage_image_tab_[ DEBUG  ] - Scale: 1x
2025/08/10 12:51:51PM::src.logic.manage_image_tab_[ DEBUG  ] - Details: {'blocklist': ['command_block', 'structure_block', 'structure_block_corner', 'structure_block_data', 'structure_block_load', 'structure_block_save'], 'mode': 'Blacklist', 'dither': False, 'alternate': False, 'color_set': ['Linear Average'], 'color_compare': ['Absolute Difference'], 'side': 'top', 'brightness': 127.0, 'place_redstone_blocks': False}
2025/08/10 12:51:56PM::src.logic.manage_image_tab_[  INFO  ] - Done Image!
2025/08/10 12:52:53PM::src.logic.manage_image_tab_[  INFO  ] - Image Conversion
2025/08/10 12:52:53PM::src.logic.manage_image_tab_[ DEBUG  ] - Video Details:
2025/08/10 12:52:53PM::src.logic.manage_image_tab_[ DEBUG  ] - FilePath: /Users/mingzi/文件/仓库/查分器/milthm-calculator-web/jpgs/Regnaissance.jpg
2025/08/10 12:52:53PM::src.logic.manage_image_tab_[ DEBUG  ] - Output Path: ./mcIVASMAKER_output/output25_08_10-12_52_53.png
2025/08/10 12:52:53PM::src.logic.manage_image_tab_[ DEBUG  ] - Manupilations: Image To Any Block Image
2025/08/10 12:52:53PM::src.logic.manage_image_tab_[ DEBUG  ] - Crop: ['0', '0', 'Max', 'Max']
2025/08/10 12:52:53PM::src.logic.manage_image_tab_[ DEBUG  ] - Scale: 1x
2025/08/10 12:52:53PM::src.logic.manage_image_tab_[ DEBUG  ] - Details: {'blocklist': ['chain_command_block', 'command_block', 'repeating_command_block', 'structure_block', 'structure_block_corner', 'structure_block_data', 'structure_block_load', 'structure_block_save'], 'mode': 'Blacklist', 'dither': False, 'alternate': False, 'color_set': ['Linear Average'], 'color_compare': ['Absolute Difference'], 'side': 'top', 'brightness': 127.0, 'place_redstone_blocks': False}
2025/08/10 12:52:58PM::src.logic.manage_image_tab_[  INFO  ] - Done Image!
2025/08/10 01:02:09PM::src.logic.manage_image_tab_[  INFO  ] - Image Conversion
2025/08/10 01:02:09PM::src.logic.manage_image_tab_[ DEBUG  ] - Video Details:
2025/08/10 01:02:09PM::src.logic.manage_image_tab_[ DEBUG  ] - FilePath: /Users/mingzi/文件/仓库/查分器/milthm-calculator-web/jpgs/Regnaissance.jpg
2025/08/10 01:02:09PM::src.logic.manage_image_tab_[ DEBUG  ] - Output Path: ./mcIVASMAKER_output/output25_08_10-13_02_09.png
2025/08/10 01:02:09PM::src.logic.manage_image_tab_[ DEBUG  ] - Manupilations: Image To Any Block Image
2025/08/10 01:02:09PM::src.logic.manage_image_tab_[ DEBUG  ] - Crop: ['0', '0', 'Max', 'Max']
2025/08/10 01:02:09PM::src.logic.manage_image_tab_[ DEBUG  ] - Scale: 16x
2025/08/10 01:02:09PM::src.logic.manage_image_tab_[ DEBUG  ] - Details: {'blocklist': ['chain_command_block', 'command_block', 'repeating_command_block', 'structure_block', 'structure_block_corner', 'structure_block_data', 'structure_block_load', 'structure_block_save'], 'mode': 'Blacklist', 'dither': False, 'alternate': False, 'color_set': ['Linear Average'], 'color_compare': ['Absolute Difference'], 'side': 'top', 'brightness': 127.0, 'place_redstone_blocks': False}
2025/08/10 01:02:30PM::src.logic.manage_image_tab_[  INFO  ] - Done Image!
2025/08/10 01:02:30PM::root_[WARNING ] - The Program has been closed!
