2025/08/10 01:02:33PM::root_[  INFO  ] - This is the log console. Most events that take place will be shown here
2025/08/10 01:02:33PM::root_[ DEBUG  ] - Multiprocessing freeze_support enabled
2025/08/10 01:02:33PM::root_[ DEBUG  ] - Window instantiated
2025/08/10 01:02:47PM::src.logic.manage_image_tab_[  INFO  ] - Image Conversion
2025/08/10 01:02:47PM::src.logic.manage_image_tab_[ DEBUG  ] - Video Details:
2025/08/10 01:02:47PM::src.logic.manage_image_tab_[ DEBUG  ] - FilePath: /Users/mingzi/Downloads/da1f98e8f3b7a6004dd79fd9337ff629.jpeg
2025/08/10 01:02:47PM::src.logic.manage_image_tab_[ DEBUG  ] - Output Path: ./mcIVASMAKER_output/output25_08_10-13_02_47.png
2025/08/10 01:02:47PM::src.logic.manage_image_tab_[ DEBUG  ] - Manupilations: Image To Any Block Image
2025/08/10 01:02:47PM::src.logic.manage_image_tab_[ DEBUG  ] - Crop: ['0', '0', 'Max', 'Max']
2025/08/10 01:02:47PM::src.logic.manage_image_tab_[ DEBUG  ] - Scale: 16x
2025/08/10 01:02:47PM::src.logic.manage_image_tab_[ DEBUG  ] - Details: {'blocklist': [], 'mode': 'None', 'dither': False, 'alternate': False, 'color_set': ['Linear Average'], 'color_compare': ['Absolute Difference'], 'side': 'top', 'brightness': 127.0, 'place_redstone_blocks': False}
2025/08/10 01:04:14PM::src.logic.manage_image_tab_[  INFO  ] - Done Image!
2025/08/10 01:05:06PM::src.logic.manage_image_tab_[  INFO  ] - Image Conversion
2025/08/10 01:05:06PM::src.logic.manage_image_tab_[ DEBUG  ] - Video Details:
2025/08/10 01:05:06PM::src.logic.manage_image_tab_[ DEBUG  ] - FilePath: /Users/mingzi/Downloads/da1f98e8f3b7a6004dd79fd9337ff629.jpeg
2025/08/10 01:05:06PM::src.logic.manage_image_tab_[ DEBUG  ] - Output Path: ./mcIVASMAKER_output/output25_08_10-13_05_06.png
2025/08/10 01:05:06PM::src.logic.manage_image_tab_[ DEBUG  ] - Manupilations: Image To Any Block Image
2025/08/10 01:05:06PM::src.logic.manage_image_tab_[ DEBUG  ] - Crop: ['0', '0', 'Max', 'Max']
2025/08/10 01:05:06PM::src.logic.manage_image_tab_[ DEBUG  ] - Scale: 4x
2025/08/10 01:05:06PM::src.logic.manage_image_tab_[ DEBUG  ] - Details: {'blocklist': [], 'mode': 'None', 'dither': False, 'alternate': False, 'color_set': ['Linear Average'], 'color_compare': ['Absolute Difference'], 'side': 'top', 'brightness': 127.0, 'place_redstone_blocks': False}
2025/08/10 01:05:23PM::src.logic.manage_image_tab_[  INFO  ] - Done Image!
2025/08/10 01:09:53PM::src.logic.manage_image_tab_[  INFO  ] - Image Conversion
2025/08/10 01:09:53PM::src.logic.manage_image_tab_[ DEBUG  ] - Video Details:
2025/08/10 01:09:53PM::src.logic.manage_image_tab_[ DEBUG  ] - FilePath: /Users/mingzi/Downloads/d8efa02f5e4456b3049a3e5798216201.jpg
2025/08/10 01:09:53PM::src.logic.manage_image_tab_[ DEBUG  ] - Output Path: ./mcIVASMAKER_output/output25_08_10-13_09_53.png
2025/08/10 01:09:53PM::src.logic.manage_image_tab_[ DEBUG  ] - Manupilations: Image To Any Block Image
2025/08/10 01:09:53PM::src.logic.manage_image_tab_[ DEBUG  ] - Crop: ['0', '0', 'Max', 'Max']
2025/08/10 01:09:53PM::src.logic.manage_image_tab_[ DEBUG  ] - Scale: 2x
2025/08/10 01:09:53PM::src.logic.manage_image_tab_[ DEBUG  ] - Details: {'blocklist': [], 'mode': 'None', 'dither': False, 'alternate': False, 'color_set': ['Linear Average'], 'color_compare': ['Absolute Difference'], 'side': 'top', 'brightness': 127.0, 'place_redstone_blocks': False}
2025/08/10 01:09:58PM::src.logic.manage_image_tab_[  INFO  ] - Done Image!
2025/08/10 01:10:49PM::src.logic.manage_image_tab_[  INFO  ] - Image Conversion
2025/08/10 01:10:49PM::src.logic.manage_image_tab_[ DEBUG  ] - Video Details:
2025/08/10 01:10:49PM::src.logic.manage_image_tab_[ DEBUG  ] - FilePath: /Users/mingzi/Downloads/da1f98e8f3b7a6004dd79fd9337ff629.jpeg
2025/08/10 01:10:49PM::src.logic.manage_image_tab_[ DEBUG  ] - Output Path: ./mcIVASMAKER_output/output25_08_10-13_10_49.png
2025/08/10 01:10:49PM::src.logic.manage_image_tab_[ DEBUG  ] - Manupilations: Image To Any Block Image
2025/08/10 01:10:49PM::src.logic.manage_image_tab_[ DEBUG  ] - Crop: ['0', '0', 'Max', 'Max']
2025/08/10 01:10:49PM::src.logic.manage_image_tab_[ DEBUG  ] - Scale: 2x
2025/08/10 01:10:49PM::src.logic.manage_image_tab_[ DEBUG  ] - Details: {'blocklist': [], 'mode': 'None', 'dither': False, 'alternate': False, 'color_set': ['Linear Average'], 'color_compare': ['Absolute Difference'], 'side': 'top', 'brightness': 127.0, 'place_redstone_blocks': False}
2025/08/10 01:11:00PM::src.logic.manage_image_tab_[  INFO  ] - Done Image!
2025/08/10 01:11:53PM::src.logic.manage_image_tab_[  INFO  ] - Image Conversion
2025/08/10 01:11:53PM::src.logic.manage_image_tab_[ DEBUG  ] - Video Details:
2025/08/10 01:11:53PM::src.logic.manage_image_tab_[ DEBUG  ] - FilePath: /Users/mingzi/Downloads/da1f98e8f3b7a6004dd79fd9337ff629.jpeg
2025/08/10 01:11:53PM::src.logic.manage_image_tab_[ DEBUG  ] - Output Path: ./mcIVASMAKER_output/output25_08_10-13_11_53.png
2025/08/10 01:11:53PM::src.logic.manage_image_tab_[ DEBUG  ] - Manupilations: Image To Any Block Image
2025/08/10 01:11:53PM::src.logic.manage_image_tab_[ DEBUG  ] - Crop: ['0', '0', 'Max', 'Max']
2025/08/10 01:11:53PM::src.logic.manage_image_tab_[ DEBUG  ] - Scale: 1x
2025/08/10 01:11:53PM::src.logic.manage_image_tab_[ DEBUG  ] - Details: {'blocklist': [], 'mode': 'None', 'dither': False, 'alternate': False, 'color_set': ['Linear Average'], 'color_compare': ['Absolute Difference'], 'side': 'top', 'brightness': 127.0, 'place_redstone_blocks': False}
2025/08/10 01:12:01PM::src.logic.manage_image_tab_[  INFO  ] - Done Image!
